# JRE version: Java(TM) SE Runtime Environment (8.0_162-b12) (build 1.8.0_162-b12)
# Java VM: Java HotSpot(TM) 64-Bit Server VM (25.162-b12 mixed mode windows-amd64 compressed oops)
Heap:
 PSYoungGen      total 76288K, used 41374K [0x000000076b100000, 0x0000000770600000, 0x00000007c0000000)
  eden space 65536K, 56% used [0x000000076b100000,0x000000076d551a40,0x000000076f100000)
  from space 10752K, 38% used [0x000000076fb80000,0x000000076ff96030,0x0000000770600000)
  to   space 10752K, 0% used [0x000000076f100000,0x000000076f100000,0x000000076fb80000)
 ParOldGen       total 175104K, used 32K [0x00000006c1200000, 0x00000006cbd00000, 0x000000076b100000)
  object space 175104K, 0% used [0x00000006c1200000,0x00000006c1208000,0x00000006cbd00000)
 Metaspace       used 11129K, capacity 11538K, committed 11648K, reserved 1058816K
  class space    used 1272K, capacity 1398K, committed 1408K, reserved 1048576K
GC Heap History (4 events):
Event: 378.367 GC heap before
{Heap before GC invocations=1 (full 0):
 PSYoungGen      total 76288K, used 65536K [0x000000076b100000, 0x0000000770600000, 0x00000007c0000000)
  eden space 65536K, 100% used [0x000000076b100000,0x000000076f100000,0x000000076f100000)
  from space 10752K, 0% used [0x000000076fb80000,0x000000076fb80000,0x0000000770600000)
  to   space 10752K, 0% used [0x000000076f100000,0x000000076f100000,0x000000076fb80000)
 ParOldGen       total 175104K, used 0K [0x00000006c1200000, 0x00000006cbd00000, 0x000000076b100000)
  object space 175104K, 0% used [0x00000006c1200000,0x00000006c1200000,0x00000006cbd00000)
 Metaspace       used 9321K, capacity 9634K, committed 9984K, reserved 1058816K
  class space    used 1066K, capacity 1167K, committed 1280K, reserved 1048576K
Event: 378.370 GC heap after
Heap after GC invocations=1 (full 0):
 PSYoungGen      total 76288K, used 3488K [0x000000076b100000, 0x0000000770600000, 0x00000007c0000000)
  eden space 65536K, 0% used [0x000000076b100000,0x000000076b100000,0x000000076f100000)
  from space 10752K, 32% used [0x000000076f100000,0x000000076f468030,0x000000076fb80000)
  to   space 10752K, 0% used [0x000000076fb80000,0x000000076fb80000,0x0000000770600000)
 ParOldGen       total 175104K, used 24K [0x00000006c1200000, 0x00000006cbd00000, 0x000000076b100000)
  object space 175104K, 0% used [0x00000006c1200000,0x00000006c1206000,0x00000006cbd00000)
 Metaspace       used 9321K, capacity 9634K, committed 9984K, reserved 1058816K
  class space    used 1066K, capacity 1167K, committed 1280K, reserved 1048576K
}
Event: 840.645 GC heap before
{Heap before GC invocations=2 (full 0):
 PSYoungGen      total 76288K, used 69024K [0x000000076b100000, 0x0000000770600000, 0x00000007c0000000)
  eden space 65536K, 100% used [0x000000076b100000,0x000000076f100000,0x000000076f100000)
  from space 10752K, 32% used [0x000000076f100000,0x000000076f468030,0x000000076fb80000)
  to   space 10752K, 0% used [0x000000076fb80000,0x000000076fb80000,0x0000000770600000)
 ParOldGen       total 175104K, used 24K [0x00000006c1200000, 0x00000006cbd00000, 0x000000076b100000)
  object space 175104K, 0% used [0x00000006c1200000,0x00000006c1206000,0x00000006cbd00000)
 Metaspace       used 9452K, capacity 9762K, committed 9984K, reserved 1058816K
  class space    used 1084K, capacity 1167K, committed 1280K, reserved 1048576K
Event: 840.649 GC heap after
Heap after GC invocations=2 (full 0):
 PSYoungGen      total 76288K, used 4184K [0x000000076b100000, 0x0000000770600000, 0x00000007c0000000)
  eden space 65536K, 0% used [0x000000076b100000,0x000000076b100000,0x000000076f100000)
  from space 10752K, 38% used [0x000000076fb80000,0x000000076ff96030,0x0000000770600000)
  to   space 10752K, 0% used [0x000000076f100000,0x000000076f100000,0x000000076fb80000)
 ParOldGen       total 175104K, used 32K [0x00000006c1200000, 0x00000006cbd00000, 0x000000076b100000)
  object space 175104K, 0% used [0x00000006c1200000,0x00000006c1208000,0x00000006cbd00000)
 Metaspace       used 9452K, capacity 9762K, committed 9984K, reserved 1058816K
  class space    used 1084K, capacity 1167K, committed 1280K, reserved 1048576K
}

