<?xml version="1.0" encoding="UTF-8"?>
<!-- Generated by org.testng.reporters.JUnitXMLReporter -->
<testsuite hostname="DESKTOP-HHHH2D0" ignored="0" name="Default test" tests="4" failures="0" timestamp="06 二月 2018 18:23:30 GMT" time="0.024" errors="0">
  <testcase name="testSingletonGetInstance" time="0.002" classname="leiyuxin.performance.singleton.SingletonTest"/>
  <testcase name="f" time="0.0" classname="TestNGDemo.NewTest"/>
  <testcase name="f" time="0.001" classname="TestNGDemo.NewTest"/>
  <testcase name="testApp" time="0.002" classname="leiyuxin.performance.AppTest"/>
</testsuite> <!-- Default test -->
